

Starting the performance measurement with the following parameters:
Number of finine elements: 10x10x10 (1000)
Date type for 'elements': 'uint32'
Date type for 'nodes': 'single'
Problem type: 'Scalar'
Processor type: 'CPU'

Running ETestWIN_CSs32_10

Mesh created successfully with 1000 Hex8 elements and 1331 nodes!
.......... ......
Done ETestWIN_CSs32_10
__________

  1x2 TimeResult array with properties:

    Name
    Valid
    Samples
    TestActivity

Totals:
   2 Valid, 0 Invalid.
   2.6725 seconds testing time.



Starting the performance measurement with the following parameters:
Number of finine elements: 10x10x10 (1000)
Date type for 'elements': 'uint32'
Date type for 'nodes': 'single'
Problem type: 'Scalar'
Processor type: 'GPU'

Running ETestWIN_GSs32_10

Mesh created successfully with 1000 Hex8 elements and 1331 nodes!
..........
Done ETestWIN_GSs32_10
__________

  TimeResult with properties:

            Name: 'ETestWIN_GSs32_10/EStiff_GPU_Scalar_Symmetry'
           Valid: 1
         Samples: [6x7 table]
    TestActivity: [10x12 table]

Totals:
   1 Valid, 0 Invalid.
   0.25243 seconds testing time.



Starting the performance measurement with the following parameters:
Number of finine elements: 10x10x10 (1000)
Date type for 'elements': 'uint32'
Date type for 'nodes': 'single'
Problem type: 'Vector'
Processor type: 'CPU'

Running ETestWIN_CVs32_10

Mesh created successfully with 1000 Hex8 elements and 1331 nodes!
.......... ......
Done ETestWIN_CVs32_10
__________

  1x2 TimeResult array with properties:

    Name
    Valid
    Samples
    TestActivity

Totals:
   2 Valid, 0 Invalid.
   16.1491 seconds testing time.



Starting the performance measurement with the following parameters:
Number of finine elements: 10x10x10 (1000)
Date type for 'elements': 'uint32'
Date type for 'nodes': 'single'
Problem type: 'Vector'
Processor type: 'GPU'

Running ETestWIN_GVs32_10

Mesh created successfully with 1000 Hex8 elements and 1331 nodes!
........
Done ETestWIN_GVs32_10
__________

  TimeResult with properties:

            Name: 'ETestWIN_GVs32_10/EStiff_GPU_Vector_Symmetry'
           Valid: 1
         Samples: [4x7 table]
    TestActivity: [8x12 table]

Totals:
   1 Valid, 0 Invalid.
   0.23594 seconds testing time.



Starting the performance measurement with the following parameters:
Number of finine elements: 10x10x10 (1000)
Date type for 'elements': 'uint32'
Date type for 'nodes': 'double'
Problem type: 'Scalar'
Processor type: 'CPU'

Running ETestWIN_CSd32_10

Mesh created successfully with 1000 Hex8 elements and 1331 nodes!
.......... ......
Done ETestWIN_CSd32_10
__________

  1x2 TimeResult array with properties:

    Name
    Valid
    Samples
    TestActivity

Totals:
   2 Valid, 0 Invalid.
   2.21 seconds testing time.



Starting the performance measurement with the following parameters:
Number of finine elements: 10x10x10 (1000)
Date type for 'elements': 'uint32'
Date type for 'nodes': 'double'
Problem type: 'Scalar'
Processor type: 'GPU'

Running ETestWIN_GSd32_10

Mesh created successfully with 1000 Hex8 elements and 1331 nodes!
........
Done ETestWIN_GSd32_10
__________

  TimeResult with properties:

            Name: 'ETestWIN_GSd32_10/EStiff_GPU_Scalar_Symmetry'
           Valid: 1
         Samples: [4x7 table]
    TestActivity: [8x12 table]

Totals:
   1 Valid, 0 Invalid.
   0.11312 seconds testing time.



Starting the performance measurement with the following parameters:
Number of finine elements: 10x10x10 (1000)
Date type for 'elements': 'uint32'
Date type for 'nodes': 'double'
Problem type: 'Vector'
Processor type: 'CPU'

Running ETestWIN_CVd32_10

Mesh created successfully with 1000 Hex8 elements and 1331 nodes!
.......... ......
Done ETestWIN_CVd32_10
__________

  1x2 TimeResult array with properties:

    Name
    Valid
    Samples
    TestActivity

Totals:
   2 Valid, 0 Invalid.
   13.8301 seconds testing time.



Starting the performance measurement with the following parameters:
Number of finine elements: 10x10x10 (1000)
Date type for 'elements': 'uint32'
Date type for 'nodes': 'double'
Problem type: 'Vector'
Processor type: 'GPU'

Running ETestWIN_GVd32_10

Mesh created successfully with 1000 Hex8 elements and 1331 nodes!
........
Done ETestWIN_GVd32_10
__________

  TimeResult with properties:

            Name: 'ETestWIN_GVd32_10/EStiff_GPU_Vector_Symmetry'
           Valid: 1
         Samples: [4x7 table]
    TestActivity: [8x12 table]

Totals:
   1 Valid, 0 Invalid.
   0.2483 seconds testing time.



Starting the performance measurement with the following parameters:
Number of finine elements: 20x20x20 (8000)
Date type for 'elements': 'uint32'
Date type for 'nodes': 'single'
Problem type: 'Scalar'
Processor type: 'CPU'

Running ETestWIN_CSs32_20

Mesh created successfully with 8000 Hex8 elements and 9261 nodes!
.......... ......
Done ETestWIN_CSs32_20
__________

  1x2 TimeResult array with properties:

    Name
    Valid
    Samples
    TestActivity

Totals:
   2 Valid, 0 Invalid.
   19.2737 seconds testing time.



Starting the performance measurement with the following parameters:
Number of finine elements: 20x20x20 (8000)
Date type for 'elements': 'uint32'
Date type for 'nodes': 'single'
Problem type: 'Scalar'
Processor type: 'GPU'

Running ETestWIN_GSs32_20

Mesh created successfully with 8000 Hex8 elements and 9261 nodes!
........
Done ETestWIN_GSs32_20
__________

  TimeResult with properties:

            Name: 'ETestWIN_GSs32_20/EStiff_GPU_Scalar_Symmetry'
           Valid: 1
         Samples: [4x7 table]
    TestActivity: [8x12 table]

Totals:
   1 Valid, 0 Invalid.
   0.096383 seconds testing time.



Starting the performance measurement with the following parameters:
Number of finine elements: 20x20x20 (8000)
Date type for 'elements': 'uint32'
Date type for 'nodes': 'single'
Problem type: 'Vector'
Processor type: 'CPU'

Running ETestWIN_CVs32_20

Mesh created successfully with 8000 Hex8 elements and 9261 nodes!
.......... ......
Done ETestWIN_CVs32_20
__________

  1x2 TimeResult array with properties:

    Name
    Valid
    Samples
    TestActivity

Totals:
   2 Valid, 0 Invalid.
   127.4101 seconds testing time.



Starting the performance measurement with the following parameters:
Number of finine elements: 20x20x20 (8000)
Date type for 'elements': 'uint32'
Date type for 'nodes': 'single'
Problem type: 'Vector'
Processor type: 'GPU'

Running ETestWIN_GVs32_20

Mesh created successfully with 8000 Hex8 elements and 9261 nodes!
........
Done ETestWIN_GVs32_20
__________

  TimeResult with properties:

            Name: 'ETestWIN_GVs32_20/EStiff_GPU_Vector_Symmetry'
           Valid: 1
         Samples: [4x7 table]
    TestActivity: [8x12 table]

Totals:
   1 Valid, 0 Invalid.
   0.53813 seconds testing time.



Starting the performance measurement with the following parameters:
Number of finine elements: 20x20x20 (8000)
Date type for 'elements': 'uint32'
Date type for 'nodes': 'double'
Problem type: 'Scalar'
Processor type: 'CPU'

Running ETestWIN_CSd32_20

Mesh created successfully with 8000 Hex8 elements and 9261 nodes!
.......... ......
Done ETestWIN_CSd32_20
__________

  1x2 TimeResult array with properties:

    Name
    Valid
    Samples
    TestActivity

Totals:
   2 Valid, 0 Invalid.
   16.9984 seconds testing time.



Starting the performance measurement with the following parameters:
Number of finine elements: 20x20x20 (8000)
Date type for 'elements': 'uint32'
Date type for 'nodes': 'double'
Problem type: 'Scalar'
Processor type: 'GPU'

Running ETestWIN_GSd32_20

Mesh created successfully with 8000 Hex8 elements and 9261 nodes!
.........
Done ETestWIN_GSd32_20
__________

  TimeResult with properties:

            Name: 'ETestWIN_GSd32_20/EStiff_GPU_Scalar_Symmetry'
           Valid: 1
         Samples: [5x7 table]
    TestActivity: [9x12 table]

Totals:
   1 Valid, 0 Invalid.
   0.1324 seconds testing time.



Starting the performance measurement with the following parameters:
Number of finine elements: 20x20x20 (8000)
Date type for 'elements': 'uint32'
Date type for 'nodes': 'double'
Problem type: 'Vector'
Processor type: 'CPU'

Running ETestWIN_CVd32_20

Mesh created successfully with 8000 Hex8 elements and 9261 nodes!
.......... ......
Done ETestWIN_CVd32_20
__________

  1x2 TimeResult array with properties:

    Name
    Valid
    Samples
    TestActivity

Totals:
   2 Valid, 0 Invalid.
   109.0424 seconds testing time.



Starting the performance measurement with the following parameters:
Number of finine elements: 20x20x20 (8000)
Date type for 'elements': 'uint32'
Date type for 'nodes': 'double'
Problem type: 'Vector'
Processor type: 'GPU'

Running ETestWIN_GVd32_20

Mesh created successfully with 8000 Hex8 elements and 9261 nodes!
........
Done ETestWIN_GVd32_20
__________

  TimeResult with properties:

            Name: 'ETestWIN_GVd32_20/EStiff_GPU_Vector_Symmetry'
           Valid: 1
         Samples: [4x7 table]
    TestActivity: [8x12 table]

Totals:
   1 Valid, 0 Invalid.
   0.61216 seconds testing time.



Starting the performance measurement with the following parameters:
Number of finine elements: 40x40x40 (64000)
Date type for 'elements': 'uint32'
Date type for 'nodes': 'single'
Problem type: 'Scalar'
Processor type: 'CPU'

Running ETestWIN_CSs32_40

Mesh created successfully with 64000 Hex8 elements and 68921 nodes!
..
Done ETestWIN_CSs32_40
__________

  1x2 TimeResult array with properties:

    Name
    Valid
    Samples
    TestActivity

Totals:
   2 Valid, 0 Invalid.
   16.9511 seconds testing time.



Starting the performance measurement with the following parameters:
Number of finine elements: 40x40x40 (64000)
Date type for 'elements': 'uint32'
Date type for 'nodes': 'single'
Problem type: 'Scalar'
Processor type: 'GPU'

Running ETestWIN_GSs32_40

Mesh created successfully with 64000 Hex8 elements and 68921 nodes!
........
Done ETestWIN_GSs32_40
__________

  TimeResult with properties:

            Name: 'ETestWIN_GSs32_40/EStiff_GPU_Scalar_Symmetry'
           Valid: 1
         Samples: [4x7 table]
    TestActivity: [8x12 table]

Totals:
   1 Valid, 0 Invalid.
   0.14602 seconds testing time.



Starting the performance measurement with the following parameters:
Number of finine elements: 40x40x40 (64000)
Date type for 'elements': 'uint32'
Date type for 'nodes': 'single'
Problem type: 'Vector'
Processor type: 'CPU'

Running ETestWIN_CVs32_40

Mesh created successfully with 64000 Hex8 elements and 68921 nodes!
..
Done ETestWIN_CVs32_40
__________

  1x2 TimeResult array with properties:

    Name
    Valid
    Samples
    TestActivity

Totals:
   2 Valid, 0 Invalid.
   113.4288 seconds testing time.



Starting the performance measurement with the following parameters:
Number of finine elements: 40x40x40 (64000)
Date type for 'elements': 'uint32'
Date type for 'nodes': 'single'
Problem type: 'Vector'
Processor type: 'GPU'

Running ETestWIN_GVs32_40

Mesh created successfully with 64000 Hex8 elements and 68921 nodes!
........
Done ETestWIN_GVs32_40
__________

  TimeResult with properties:

            Name: 'ETestWIN_GVs32_40/EStiff_GPU_Vector_Symmetry'
           Valid: 1
         Samples: [4x7 table]
    TestActivity: [8x12 table]

Totals:
   1 Valid, 0 Invalid.
   3.2487 seconds testing time.



Starting the performance measurement with the following parameters:
Number of finine elements: 40x40x40 (64000)
Date type for 'elements': 'uint32'
Date type for 'nodes': 'double'
Problem type: 'Scalar'
Processor type: 'CPU'

Running ETestWIN_CSd32_40

Mesh created successfully with 64000 Hex8 elements and 68921 nodes!
..
Done ETestWIN_CSd32_40
__________

  1x2 TimeResult array with properties:

    Name
    Valid
    Samples
    TestActivity

Totals:
   2 Valid, 0 Invalid.
   15.1449 seconds testing time.



Starting the performance measurement with the following parameters:
Number of finine elements: 40x40x40 (64000)
Date type for 'elements': 'uint32'
Date type for 'nodes': 'double'
Problem type: 'Scalar'
Processor type: 'GPU'

Running ETestWIN_GSd32_40

Mesh created successfully with 64000 Hex8 elements and 68921 nodes!
........
Done ETestWIN_GSd32_40
__________

  TimeResult with properties:

            Name: 'ETestWIN_GSd32_40/EStiff_GPU_Scalar_Symmetry'
           Valid: 1
         Samples: [4x7 table]
    TestActivity: [8x12 table]

Totals:
   1 Valid, 0 Invalid.
   0.23663 seconds testing time.



Starting the performance measurement with the following parameters:
Number of finine elements: 40x40x40 (64000)
Date type for 'elements': 'uint32'
Date type for 'nodes': 'double'
Problem type: 'Vector'
Processor type: 'CPU'

Running ETestWIN_CVd32_40

Mesh created successfully with 64000 Hex8 elements and 68921 nodes!
..
Done ETestWIN_CVd32_40
__________

  1x2 TimeResult array with properties:

    Name
    Valid
    Samples
    TestActivity

Totals:
   2 Valid, 0 Invalid.
   85.6935 seconds testing time.



Starting the performance measurement with the following parameters:
Number of finine elements: 40x40x40 (64000)
Date type for 'elements': 'uint32'
Date type for 'nodes': 'double'
Problem type: 'Vector'
Processor type: 'GPU'

Running ETestWIN_GVd32_40

Mesh created successfully with 64000 Hex8 elements and 68921 nodes!
........
Done ETestWIN_GVd32_40
__________

  TimeResult with properties:

            Name: 'ETestWIN_GVd32_40/EStiff_GPU_Vector_Symmetry'
           Valid: 1
         Samples: [4x7 table]
    TestActivity: [8x12 table]

Totals:
   1 Valid, 0 Invalid.
   3.696 seconds testing time.



Starting the performance measurement with the following parameters:
Number of finine elements: 80x80x80 (512000)
Date type for 'elements': 'uint32'
Date type for 'nodes': 'single'
Problem type: 'Scalar'
Processor type: 'CPU'

Running ETestWIN_CSs32_80

Mesh created successfully with 512000 Hex8 elements and 531441 nodes!
..
Done ETestWIN_CSs32_80
__________

  1x2 TimeResult array with properties:

    Name
    Valid
    Samples
    TestActivity

Totals:
   2 Valid, 0 Invalid.
   116.457 seconds testing time.



Starting the performance measurement with the following parameters:
Number of finine elements: 80x80x80 (512000)
Date type for 'elements': 'uint32'
Date type for 'nodes': 'single'
Problem type: 'Scalar'
Processor type: 'GPU'

Running ETestWIN_GSs32_80

Mesh created successfully with 512000 Hex8 elements and 531441 nodes!
........
Done ETestWIN_GSs32_80
__________

  TimeResult with properties:

            Name: 'ETestWIN_GSs32_80/EStiff_GPU_Scalar_Symmetry'
           Valid: 1
         Samples: [4x7 table]
    TestActivity: [8x12 table]

Totals:
   1 Valid, 0 Invalid.
   0.54315 seconds testing time.



Starting the performance measurement with the following parameters:
Number of finine elements: 80x80x80 (512000)
Date type for 'elements': 'uint32'
Date type for 'nodes': 'single'
Problem type: 'Vector'
Processor type: 'CPU'

Running ETestWIN_CVs32_80

Mesh created successfully with 512000 Hex8 elements and 531441 nodes!
..
Done ETestWIN_CVs32_80
__________

  1x2 TimeResult array with properties:

    Name
    Valid
    Samples
    TestActivity

Totals:
   2 Valid, 0 Invalid.
   792.5269 seconds testing time.



Starting the performance measurement with the following parameters:
Number of finine elements: 80x80x80 (512000)
Date type for 'elements': 'uint32'
Date type for 'nodes': 'single'
Problem type: 'Vector'
Processor type: 'GPU'

Running ETestWIN_GVs32_80

Mesh created successfully with 512000 Hex8 elements and 531441 nodes!
.
================================================================================
Error occurred in ETestWIN_GVs32_80/EStiff_GPU_Vector_Symmetry and it did not run to completion.
    ---------
    Error ID:
    ---------
    'parallel:gpu:device:UnknownCUDAError'
    --------------
    Error Details:
    --------------
    Error using parallel.gpu.CUDADevice/wait
    An unexpected error occurred during CUDA execution. The CUDA error was:
    unspecified launch failure
    
    Error in ETestWIN_GVs32_80 (line 19)
    wait(d);
================================================================================
.
================================================================================
Error occurred in ETestWIN_GVs32_80/EStiff_GPU_Vector_Symmetry and it did not run to completion.
    ---------
    Error ID:
    ---------
    'parallel:gpu:kernel:CompilationError'
    --------------
    Error Details:
    --------------
    Error using parallel.gpu.CUDAKernel
    An error occurred during PTX compilation of <image>.
    The information log was:
    <No information>
    The error log was:
    <No information>
    The CUDA error code was: CUDA_ERROR_LAUNCH_FAILED.
    
    Error in eStiff_vpsa (line 32)
        kernel = parallel.gpu.CUDAKernel('eStiff_vpss.ptx',...             % PTXFILE
    
    Error in ETestWIN_GVs32_80 (line 18)
    Ke = eStiff_vpsa(elementsGPU, nodesGPU, MP, sets);
================================================================================
.
================================================================================
Error occurred in ETestWIN_GVs32_80/EStiff_GPU_Vector_Symmetry and it did not run to completion.
    ---------
    Error ID:
    ---------
    'parallel:gpu:kernel:CompilationError'
    --------------
    Error Details:
    --------------
    Error using parallel.gpu.CUDAKernel
    An error occurred during PTX compilation of <image>.
    The information log was:
    <No information>
    The error log was:
    <No information>
    The CUDA error code was: CUDA_ERROR_LAUNCH_FAILED.
    
    Error in eStiff_vpsa (line 32)
        kernel = parallel.gpu.CUDAKernel('eStiff_vpss.ptx',...             % PTXFILE
    
    Error in ETestWIN_GVs32_80 (line 18)
    Ke = eStiff_vpsa(elementsGPU, nodesGPU, MP, sets);
================================================================================
.
================================================================================
Error occurred in ETestWIN_GVs32_80/EStiff_GPU_Vector_Symmetry and it did not run to completion.
    ---------
    Error ID:
    ---------
    'parallel:gpu:kernel:CompilationError'
    --------------
    Error Details:
    --------------
    Error using parallel.gpu.CUDAKernel
    An error occurred during PTX compilation of <image>.
    The information log was:
    <No information>
    The error log was:
    <No information>
    The CUDA error code was: CUDA_ERROR_LAUNCH_FAILED.
    
    Error in eStiff_vpsa (line 32)
        kernel = parallel.gpu.CUDAKernel('eStiff_vpss.ptx',...             % PTXFILE
    
    Error in ETestWIN_GVs32_80 (line 18)
    Ke = eStiff_vpsa(elementsGPU, nodesGPU, MP, sets);
================================================================================
.
================================================================================
Error occurred in ETestWIN_GVs32_80/EStiff_GPU_Vector_Symmetry and it did not run to completion.
    ---------
    Error ID:
    ---------
    'parallel:gpu:kernel:CompilationError'
    --------------
    Error Details:
    --------------
    Error using parallel.gpu.CUDAKernel
    An error occurred during PTX compilation of <image>.
    The information log was:
    <No information>
    The error log was:
    <No information>
    The CUDA error code was: CUDA_ERROR_LAUNCH_FAILED.
    
    Error in eStiff_vpsa (line 32)
        kernel = parallel.gpu.CUDAKernel('eStiff_vpss.ptx',...             % PTXFILE
    
    Error in ETestWIN_GVs32_80 (line 18)
    Ke = eStiff_vpsa(elementsGPU, nodesGPU, MP, sets);
================================================================================
.
================================================================================
Error occurred in ETestWIN_GVs32_80/EStiff_GPU_Vector_Symmetry and it did not run to completion.
    ---------
    Error ID:
    ---------
    'parallel:gpu:kernel:CompilationError'
    --------------
    Error Details:
    --------------
    Error using parallel.gpu.CUDAKernel
    An error occurred during PTX compilation of <image>.
    The information log was:
    <No information>
    The error log was:
    <No information>
    The CUDA error code was: CUDA_ERROR_LAUNCH_FAILED.
    
    Error in eStiff_vpsa (line 32)
        kernel = parallel.gpu.CUDAKernel('eStiff_vpss.ptx',...             % PTXFILE
    
    Error in ETestWIN_GVs32_80 (line 18)
    Ke = eStiff_vpsa(elementsGPU, nodesGPU, MP, sets);
================================================================================
.
================================================================================
Error occurred in ETestWIN_GVs32_80/EStiff_GPU_Vector_Symmetry and it did not run to completion.
    ---------
    Error ID:
    ---------
    'parallel:gpu:kernel:CompilationError'
    --------------
    Error Details:
    --------------
    Error using parallel.gpu.CUDAKernel
    An error occurred during PTX compilation of <image>.
    The information log was:
    <No information>
    The error log was:
    <No information>
    The CUDA error code was: CUDA_ERROR_LAUNCH_FAILED.
    
    Error in eStiff_vpsa (line 32)
        kernel = parallel.gpu.CUDAKernel('eStiff_vpss.ptx',...             % PTXFILE
    
    Error in ETestWIN_GVs32_80 (line 18)
    Ke = eStiff_vpsa(elementsGPU, nodesGPU, MP, sets);
================================================================================
.[Warning: An unexpected error occurred during CUDA execution. The CUDA error was:
CUDA_ERROR_LAUNCH_FAILED] 
[>  In onCleanup/delete (line 81)
  In matlab.unittest/TestRunner/teardownClassLevelTestCase (line 708)
  In matlab.unittest.TestRunner>@(varargin)runner.teardownClassLevelTestCase(varargin{:}) (line 453)
  In matlab.unittest.internal/CancelableCleanup/cancelAndInvoke (line 25)
  In matlab.unittest/TestRunner/runSharedTestCase (line 476)
  In matlab.unittest/TestRunner/runTestClass (line 1039)
  In matlab.unittest/TestRunner/invokeTestContentOperatorMethod_ (line 925)
  In matlab.unittest.plugins/TestRunnerPlugin/runTestClass (line 422)
  In matlab.unittest.plugins.testrunprogress/ConciseProgressPlugin/runTestClass (line 68)
  In matlab.unittest.plugins/TestRunnerPlugin/invokeTestContentOperatorMethod_ (line 760)
  In matlab.unittest/TestRunner/evaluateMethodOnPlugins (line 438)
  In matlab.unittest/TestRunner/runTestSuite (line 976)
  In matlab.unittest/TestRunner/invokeTestContentOperatorMethod_ (line 925)
  In matlab.unittest.plugins/TestRunnerPlugin/runTestSuite (line 265)
  In matlab.unittest.plugins/DiagnosticsOutputPlugin/runTestSuite (line 154)
  In matlab.unittest.plugins/TestRunnerPlugin/invokeTestContentOperatorMethod_ (line 760)
  In matlab.unittest.plugins/TestRunnerPlugin/runTestSuite (line 265)
  In matlab.unittest.plugins/DiagnosticsRecordingPlugin/runTestSuite (line 199)
  In matlab.unittest.plugins/TestRunnerPlugin/invokeTestContentOperatorMethod_ (line 760)
  In matlab.unittest.plugins/TestRunnerPlugin/runTestSuite (line 265)
  In matlab.unittest.measurement/MeasurementPlugin/runTestSuite (line 80)
  In matlab.unittest.plugins/TestRunnerPlugin/invokeTestContentOperatorMethod_ (line 760)
  In matlab.unittest/TestRunner/evaluateMethodOnPlugins (line 438)
  In matlab.unittest/TestRunner/evaluateMethodOnPluginsFromMethodName (line 426)
  In matlab.unittest.internal/SerialTestRunStrategy/runSession (line 21)
  In matlab.unittest/TestRunner/runSession (line 937)
  In matlab.unittest/TestRunner/invokeTestContentOperatorMethod_ (line 925)
  In matlab.unittest/TestRunner/evaluateMethodOnPlugins (line 438)
  In matlab.unittest/TestRunner/evaluateMethodOnPluginsFromMethodName (line 426)
  In matlab.unittest/TestRunner/doRunWithFcn (line 409)
  In matlab.unittest/TestRunner/runRepeatedly (line 375)
  In matlab.perftest/FrequentistTimeExperiment/doRun (line 137)
  In matlab.perftest/TimeExperiment/run (line 170)
  In runperf (line 48)
  In runEStiffTest (line 101)]
[Warning: An unexpected error occurred during CUDA execution. The CUDA error was:
CUDA_ERROR_LAUNCH_FAILED] 
[>  In onCleanup/delete (line 81)
  In matlab.unittest/TestRunner/teardownClassLevelTestCase (line 708)
  In matlab.unittest.TestRunner>@(varargin)runner.teardownClassLevelTestCase(varargin{:}) (line 453)
  In matlab.unittest.internal/CancelableCleanup/cancelAndInvoke (line 25)
  In matlab.unittest/TestRunner/runSharedTestCase (line 476)
  In matlab.unittest/TestRunner/runTestClass (line 1039)
  In matlab.unittest/TestRunner/invokeTestContentOperatorMethod_ (line 925)
  In matlab.unittest.plugins/TestRunnerPlugin/runTestClass (line 422)
  In matlab.unittest.plugins.testrunprogress/ConciseProgressPlugin/runTestClass (line 68)
  In matlab.unittest.plugins/TestRunnerPlugin/invokeTestContentOperatorMethod_ (line 760)
  In matlab.unittest/TestRunner/evaluateMethodOnPlugins (line 438)
  In matlab.unittest/TestRunner/runTestSuite (line 976)
  In matlab.unittest/TestRunner/invokeTestContentOperatorMethod_ (line 925)
  In matlab.unittest.plugins/TestRunnerPlugin/runTestSuite (line 265)
  In matlab.unittest.plugins/DiagnosticsOutputPlugin/runTestSuite (line 154)
  In matlab.unittest.plugins/TestRunnerPlugin/invokeTestContentOperatorMethod_ (line 760)
  In matlab.unittest.plugins/TestRunnerPlugin/runTestSuite (line 265)
  In matlab.unittest.plugins/DiagnosticsRecordingPlugin/runTestSuite (line 199)
  In matlab.unittest.plugins/TestRunnerPlugin/invokeTestContentOperatorMethod_ (line 760)
  In matlab.unittest.plugins/TestRunnerPlugin/runTestSuite (line 265)
  In matlab.unittest.measurement/MeasurementPlugin/runTestSuite (line 80)
  In matlab.unittest.plugins/TestRunnerPlugin/invokeTestContentOperatorMethod_ (line 760)
  In matlab.unittest/TestRunner/evaluateMethodOnPlugins (line 438)
  In matlab.unittest/TestRunner/evaluateMethodOnPluginsFromMethodName (line 426)
  In matlab.unittest.internal/SerialTestRunStrategy/runSession (line 21)
  In matlab.unittest/TestRunner/runSession (line 937)
  In matlab.unittest/TestRunner/invokeTestContentOperatorMethod_ (line 925)
  In matlab.unittest/TestRunner/evaluateMethodOnPlugins (line 438)
  In matlab.unittest/TestRunner/evaluateMethodOnPluginsFromMethodName (line 426)
  In matlab.unittest/TestRunner/doRunWithFcn (line 409)
  In matlab.unittest/TestRunner/runRepeatedly (line 375)
  In matlab.perftest/FrequentistTimeExperiment/doRun (line 137)
  In matlab.perftest/TimeExperiment/run (line 170)
  In runperf (line 48)
  In runEStiffTest (line 101)]
[Warning: An unexpected error occurred during CUDA execution. The CUDA error was:
CUDA_ERROR_LAUNCH_FAILED] 
[>  In onCleanup/delete (line 81)
  In matlab.unittest/TestRunner/teardownClassLevelTestCase (line 708)
  In matlab.unittest.TestRunner>@(varargin)runner.teardownClassLevelTestCase(varargin{:}) (line 453)
  In matlab.unittest.internal/CancelableCleanup/cancelAndInvoke (line 25)
  In matlab.unittest/TestRunner/runSharedTestCase (line 476)
  In matlab.unittest/TestRunner/runTestClass (line 1039)
  In matlab.unittest/TestRunner/invokeTestContentOperatorMethod_ (line 925)
  In matlab.unittest.plugins/TestRunnerPlugin/runTestClass (line 422)
  In matlab.unittest.plugins.testrunprogress/ConciseProgressPlugin/runTestClass (line 68)
  In matlab.unittest.plugins/TestRunnerPlugin/invokeTestContentOperatorMethod_ (line 760)
  In matlab.unittest/TestRunner/evaluateMethodOnPlugins (line 438)
  In matlab.unittest/TestRunner/runTestSuite (line 976)
  In matlab.unittest/TestRunner/invokeTestContentOperatorMethod_ (line 925)
  In matlab.unittest.plugins/TestRunnerPlugin/runTestSuite (line 265)
  In matlab.unittest.plugins/DiagnosticsOutputPlugin/runTestSuite (line 154)
  In matlab.unittest.plugins/TestRunnerPlugin/invokeTestContentOperatorMethod_ (line 760)
  In matlab.unittest.plugins/TestRunnerPlugin/runTestSuite (line 265)
  In matlab.unittest.plugins/DiagnosticsRecordingPlugin/runTestSuite (line 199)
  In matlab.unittest.plugins/TestRunnerPlugin/invokeTestContentOperatorMethod_ (line 760)
  In matlab.unittest.plugins/TestRunnerPlugin/runTestSuite (line 265)
  In matlab.unittest.measurement/MeasurementPlugin/runTestSuite (line 80)
  In matlab.unittest.plugins/TestRunnerPlugin/invokeTestContentOperatorMethod_ (line 760)
  In matlab.unittest/TestRunner/evaluateMethodOnPlugins (line 438)
  In matlab.unittest/TestRunner/evaluateMethodOnPluginsFromMethodName (line 426)
  In matlab.unittest.internal/SerialTestRunStrategy/runSession (line 21)
  In matlab.unittest/TestRunner/runSession (line 937)
  In matlab.unittest/TestRunner/invokeTestContentOperatorMethod_ (line 925)
  In matlab.unittest/TestRunner/evaluateMethodOnPlugins (line 438)
  In matlab.unittest/TestRunner/evaluateMethodOnPluginsFromMethodName (line 426)
  In matlab.unittest/TestRunner/doRunWithFcn (line 409)
  In matlab.unittest/TestRunner/runRepeatedly (line 375)
  In matlab.perftest/FrequentistTimeExperiment/doRun (line 137)
  In matlab.perftest/TimeExperiment/run (line 170)
  In runperf (line 48)
  In runEStiffTest (line 101)]

Done ETestWIN_GVs32_80
__________

Failure Summary:

     Name                                          Failed  Incomplete  Reason(s)
    =============================================================================
     ETestWIN_GVs32_80/EStiff_GPU_Vector_Symmetry    X         X       Errored.
  TimeResult with properties:

            Name: 'ETestWIN_GVs32_80/EStiff_GPU_Vector_Symmetry'
           Valid: 0
         Samples: [4x7 table]
    TestActivity: [8x12 table]

Totals:
   0 Valid, 1 Invalid.
   5.5619 seconds testing time.

{Error using parallel.gpu.CUDADevice/reset
An unexpected error occurred during CUDA execution. The CUDA error was:
all CUDA-capable devices are busy or unavailable

Error in runEStiffTest (line 115)
                    reset(gpuDevice);
} 
